Connecting to database specified by database.yml
Connecting to database specified by database.yml
Connecting to database specified by database.yml
  [1m[36m (0.1ms)[0m  [1mselect sqlite_version(*)[0m
  [1m[35m (0.9ms)[0m  CREATE TABLE "schema_migrations" ("version" varchar(255) NOT NULL) 
  [1m[36m (0.7ms)[0m  [1mCREATE UNIQUE INDEX "unique_schema_migrations" ON "schema_migrations" ("version")[0m
  [1m[35m (0.1ms)[0m  SELECT "schema_migrations"."version" FROM "schema_migrations" 
Migrating to CreateProfesionals (20170722131736)
  [1m[36m (0.0ms)[0m  [1mbegin transaction[0m
  [1m[35m (0.3ms)[0m  CREATE TABLE "profesionals" ("id" INTEGER PRIMARY KEY AUTOINCREMENT NOT NULL, "apellido" varchar(255), "nombres" varchar(255), "fecha_nacimiento" date, "tipo_doc" varchar(255), "nro_doc" integer, "created_at" datetime NOT NULL, "updated_at" datetime NOT NULL) 
  [1m[36m (0.1ms)[0m  [1mINSERT INTO "schema_migrations" ("version") VALUES ('20170722131736')[0m
  [1m[35m (0.6ms)[0m  commit transaction
  [1m[36m (0.1ms)[0m  [1mSELECT "schema_migrations"."version" FROM "schema_migrations" [0m
Connecting to database specified by database.yml
Connecting to database specified by database.yml
Connecting to database specified by database.yml
Connecting to database specified by database.yml
  [1m[36m (0.7ms)[0m  [1mselect sqlite_version(*)[0m
  [1m[35m (0.9ms)[0m  CREATE TABLE "profesionals" ("id" INTEGER PRIMARY KEY AUTOINCREMENT NOT NULL, "apellido" varchar(255), "nombres" varchar(255), "fecha_nacimiento" date, "tipo_doc" varchar(255), "nro_doc" integer, "created_at" datetime NOT NULL, "updated_at" datetime NOT NULL) 
  [1m[36m (0.7ms)[0m  [1mCREATE TABLE "schema_migrations" ("version" varchar(255) NOT NULL) [0m
  [1m[35m (0.7ms)[0m  CREATE UNIQUE INDEX "unique_schema_migrations" ON "schema_migrations" ("version")
  [1m[36m (0.1ms)[0m  [1mSELECT version FROM "schema_migrations"[0m
  [1m[35m (0.7ms)[0m  INSERT INTO "schema_migrations" (version) VALUES ('20170722131736')
  [1m[36m (0.1ms)[0m  [1mSELECT "schema_migrations"."version" FROM "schema_migrations" [0m
Connecting to database specified by database.yml
Connecting to database specified by database.yml
  [1m[36m (0.7ms)[0m  [1mselect sqlite_version(*)[0m
  [1m[35m (2.0ms)[0m  CREATE TABLE "profesionals" ("id" INTEGER PRIMARY KEY AUTOINCREMENT NOT NULL, "apellido" varchar(255), "nombres" varchar(255), "fecha_nacimiento" date, "tipo_doc" varchar(255), "nro_doc" integer, "created_at" datetime NOT NULL, "updated_at" datetime NOT NULL) 
  [1m[36m (1.0ms)[0m  [1mCREATE TABLE "schema_migrations" ("version" varchar(255) NOT NULL) [0m
  [1m[35m (0.8ms)[0m  CREATE UNIQUE INDEX "unique_schema_migrations" ON "schema_migrations" ("version")
  [1m[36m (0.1ms)[0m  [1mSELECT version FROM "schema_migrations"[0m
  [1m[35m (0.7ms)[0m  INSERT INTO "schema_migrations" (version) VALUES ('20170722131736')
  [1m[36m (0.1ms)[0m  [1mSELECT "schema_migrations"."version" FROM "schema_migrations" [0m
Connecting to database specified by database.yml
  [1m[36m (0.8ms)[0m  [1mselect sqlite_version(*)[0m
  [1m[35m (1.8ms)[0m  CREATE TABLE "profesionals" ("id" INTEGER PRIMARY KEY AUTOINCREMENT NOT NULL, "apellido" varchar(255), "nombres" varchar(255), "fecha_nacimiento" date, "tipo_doc" varchar(255), "nro_doc" integer, "created_at" datetime NOT NULL, "updated_at" datetime NOT NULL) 
  [1m[36m (0.7ms)[0m  [1mCREATE TABLE "schema_migrations" ("version" varchar(255) NOT NULL) [0m
  [1m[35m (0.6ms)[0m  CREATE UNIQUE INDEX "unique_schema_migrations" ON "schema_migrations" ("version")
  [1m[36m (0.0ms)[0m  [1mSELECT version FROM "schema_migrations"[0m
  [1m[35m (0.6ms)[0m  INSERT INTO "schema_migrations" (version) VALUES ('20170722131736')
  [1m[36m (0.1ms)[0m  [1mSELECT "schema_migrations"."version" FROM "schema_migrations" [0m
Connecting to database specified by database.yml
Connecting to database specified by database.yml
  [1m[36m (1.3ms)[0m  [1mselect sqlite_version(*)[0m
  [1m[35m (1.8ms)[0m  CREATE TABLE "profesionales" ("id" INTEGER PRIMARY KEY AUTOINCREMENT NOT NULL, "apellido" varchar(255), "nombres" varchar(255), "fecha_nacimiento" date, "tipo_doc" varchar(255), "nro_doc" integer, "created_at" datetime NOT NULL, "updated_at" datetime NOT NULL) 
  [1m[36m (0.7ms)[0m  [1mCREATE TABLE "schema_migrations" ("version" varchar(255) NOT NULL) [0m
  [1m[35m (0.7ms)[0m  CREATE UNIQUE INDEX "unique_schema_migrations" ON "schema_migrations" ("version")
  [1m[36m (0.1ms)[0m  [1mSELECT version FROM "schema_migrations"[0m
  [1m[35m (0.5ms)[0m  INSERT INTO "schema_migrations" (version) VALUES ('20170722131736')
  [1m[36m (0.1ms)[0m  [1mSELECT "schema_migrations"."version" FROM "schema_migrations" [0m
Connecting to database specified by database.yml
Connecting to database specified by database.yml
Connecting to database specified by database.yml
  [1m[36m (0.8ms)[0m  [1mselect sqlite_version(*)[0m
  [1m[35m (1.7ms)[0m  CREATE TABLE "profesionales" ("id" INTEGER PRIMARY KEY AUTOINCREMENT NOT NULL, "apellido" varchar(255), "nombres" varchar(255), "fecha_nacimiento" date, "tipo_doc" varchar(255), "nro_doc" integer, "created_at" datetime NOT NULL, "updated_at" datetime NOT NULL) 
  [1m[36m (0.7ms)[0m  [1mCREATE TABLE "schema_migrations" ("version" varchar(255) NOT NULL) [0m
  [1m[35m (0.7ms)[0m  CREATE UNIQUE INDEX "unique_schema_migrations" ON "schema_migrations" ("version")
  [1m[36m (0.0ms)[0m  [1mSELECT version FROM "schema_migrations"[0m
  [1m[35m (0.6ms)[0m  INSERT INTO "schema_migrations" (version) VALUES ('20170722131736')
  [1m[36m (0.1ms)[0m  [1mSELECT "schema_migrations"."version" FROM "schema_migrations" [0m
Connecting to database specified by database.yml
Connecting to database specified by database.yml
  [1m[36m (1.1ms)[0m  [1mselect sqlite_version(*)[0m
  [1m[35m (1.3ms)[0m  CREATE TABLE "profesionales" ("id" INTEGER PRIMARY KEY AUTOINCREMENT NOT NULL, "apellido" varchar(255), "nombres" varchar(255), "fecha_nacimiento" date, "tipo_doc" varchar(255), "nro_doc" integer, "created_at" datetime NOT NULL, "updated_at" datetime NOT NULL) 
  [1m[36m (0.7ms)[0m  [1mCREATE TABLE "schema_migrations" ("version" varchar(255) NOT NULL) [0m
  [1m[35m (0.7ms)[0m  CREATE UNIQUE INDEX "unique_schema_migrations" ON "schema_migrations" ("version")
  [1m[36m (0.1ms)[0m  [1mSELECT version FROM "schema_migrations"[0m
  [1m[35m (0.9ms)[0m  INSERT INTO "schema_migrations" (version) VALUES ('20170722131736')
  [1m[36m (0.2ms)[0m  [1mSELECT "schema_migrations"."version" FROM "schema_migrations" [0m
Connecting to database specified by database.yml
Connecting to database specified by database.yml
  [1m[36m (0.7ms)[0m  [1mselect sqlite_version(*)[0m
  [1m[35m (1.7ms)[0m  CREATE TABLE "profesionales" ("id" INTEGER PRIMARY KEY AUTOINCREMENT NOT NULL, "apellido" varchar(255), "nombres" varchar(255), "fecha_nacimiento" date, "tipo_doc" varchar(255), "nro_doc" integer, "created_at" datetime NOT NULL, "updated_at" datetime NOT NULL) 
  [1m[36m (0.7ms)[0m  [1mCREATE TABLE "schema_migrations" ("version" varchar(255) NOT NULL) [0m
  [1m[35m (0.7ms)[0m  CREATE UNIQUE INDEX "unique_schema_migrations" ON "schema_migrations" ("version")
  [1m[36m (0.0ms)[0m  [1mSELECT version FROM "schema_migrations"[0m
  [1m[35m (0.6ms)[0m  INSERT INTO "schema_migrations" (version) VALUES ('20170722131736')
  [1m[36m (0.1ms)[0m  [1mSELECT "schema_migrations"."version" FROM "schema_migrations" [0m
Connecting to database specified by database.yml
Connecting to database specified by database.yml
  [1m[36m (1.0ms)[0m  [1mselect sqlite_version(*)[0m
  [1m[35m (1.8ms)[0m  CREATE TABLE "profesionales" ("id" INTEGER PRIMARY KEY AUTOINCREMENT NOT NULL, "apellido" varchar(255), "nombres" varchar(255), "fecha_nacimiento" date, "tipo_doc" varchar(255), "nro_doc" integer, "created_at" datetime NOT NULL, "updated_at" datetime NOT NULL) 
  [1m[36m (0.8ms)[0m  [1mCREATE TABLE "schema_migrations" ("version" varchar(255) NOT NULL) [0m
  [1m[35m (0.8ms)[0m  CREATE UNIQUE INDEX "unique_schema_migrations" ON "schema_migrations" ("version")
  [1m[36m (0.0ms)[0m  [1mSELECT version FROM "schema_migrations"[0m
  [1m[35m (0.6ms)[0m  INSERT INTO "schema_migrations" (version) VALUES ('20170722131736')
  [1m[36m (0.1ms)[0m  [1mSELECT "schema_migrations"."version" FROM "schema_migrations" [0m
Connecting to database specified by database.yml
Connecting to database specified by database.yml
  [1m[36m (0.9ms)[0m  [1mselect sqlite_version(*)[0m
  [1m[35m (1.7ms)[0m  CREATE TABLE "profesionales" ("id" INTEGER PRIMARY KEY AUTOINCREMENT NOT NULL, "apellido" varchar(255), "nombres" varchar(255), "fecha_nacimiento" date, "tipo_doc" varchar(255), "nro_doc" integer, "created_at" datetime NOT NULL, "updated_at" datetime NOT NULL) 
  [1m[36m (0.7ms)[0m  [1mCREATE TABLE "schema_migrations" ("version" varchar(255) NOT NULL) [0m
  [1m[35m (0.7ms)[0m  CREATE UNIQUE INDEX "unique_schema_migrations" ON "schema_migrations" ("version")
  [1m[36m (0.1ms)[0m  [1mSELECT version FROM "schema_migrations"[0m
  [1m[35m (0.5ms)[0m  INSERT INTO "schema_migrations" (version) VALUES ('20170722131736')
  [1m[36m (0.0ms)[0m  [1mSELECT "schema_migrations"."version" FROM "schema_migrations" [0m
Connecting to database specified by database.yml
Connecting to database specified by database.yml
  [1m[36m (0.9ms)[0m  [1mselect sqlite_version(*)[0m
  [1m[35m (1.7ms)[0m  CREATE TABLE "profesionales" ("id" INTEGER PRIMARY KEY AUTOINCREMENT NOT NULL, "apellido" varchar(255), "nombres" varchar(255), "fecha_nacimiento" date, "tipo_doc" varchar(255), "nro_doc" integer, "created_at" datetime NOT NULL, "updated_at" datetime NOT NULL) 
  [1m[36m (0.6ms)[0m  [1mCREATE TABLE "schema_migrations" ("version" varchar(255) NOT NULL) [0m
  [1m[35m (0.7ms)[0m  CREATE UNIQUE INDEX "unique_schema_migrations" ON "schema_migrations" ("version")
  [1m[36m (0.1ms)[0m  [1mSELECT version FROM "schema_migrations"[0m
  [1m[35m (0.5ms)[0m  INSERT INTO "schema_migrations" (version) VALUES ('20170722131736')
  [1m[36m (0.0ms)[0m  [1mSELECT "schema_migrations"."version" FROM "schema_migrations" [0m
Connecting to database specified by database.yml
Connecting to database specified by database.yml
Connecting to database specified by database.yml
Connecting to database specified by database.yml
  [1m[36m (0.4ms)[0m  [1mSELECT "schema_migrations"."version" FROM "schema_migrations" [0m
Migrating to CreateProfesionales (20170722131736)
Migrating to CreateMatriculas (20170722153735)
  [1m[35m (0.1ms)[0m  select sqlite_version(*)
  [1m[36m (0.0ms)[0m  [1mbegin transaction[0m
  [1m[35m (0.5ms)[0m  CREATE TABLE "matriculas" ("id" INTEGER PRIMARY KEY AUTOINCREMENT NOT NULL, "estado" varchar(255), "matricula" varchar(255), "fecha_inscripcion" date, "libro" varchar(255), "folio" integer, "fecha_habilitacion" date, "nota_fecha_habilitacion" varchar(255), "vencimiento" integer, "especialidad" varchar(255), "fecha_vencimiento" date, "profesional_id" integer, "notas" varchar(255), "created_at" datetime NOT NULL, "updated_at" datetime NOT NULL) 
  [1m[36m (0.3ms)[0m  [1mINSERT INTO "schema_migrations" ("version") VALUES ('20170722153735')[0m
  [1m[35m (0.9ms)[0m  commit transaction
  [1m[36m (0.1ms)[0m  [1mSELECT "schema_migrations"."version" FROM "schema_migrations" [0m
Connecting to database specified by database.yml
Connecting to database specified by database.yml
  [1m[36m (0.7ms)[0m  [1mselect sqlite_version(*)[0m
  [1m[35m (0.8ms)[0m  CREATE TABLE "matriculas" ("id" INTEGER PRIMARY KEY AUTOINCREMENT NOT NULL, "estado" varchar(255), "matricula" varchar(255), "fecha_inscripcion" date, "libro" varchar(255), "folio" integer, "fecha_habilitacion" date, "nota_fecha_habilitacion" varchar(255), "vencimiento" integer, "especialidad" varchar(255), "fecha_vencimiento" date, "profesional_id" integer, "notas" varchar(255), "created_at" datetime NOT NULL, "updated_at" datetime NOT NULL) 
  [1m[36m (0.7ms)[0m  [1mCREATE TABLE "profesionales" ("id" INTEGER PRIMARY KEY AUTOINCREMENT NOT NULL, "apellido" varchar(255), "nombres" varchar(255), "fecha_nacimiento" date, "tipo_doc" varchar(255), "nro_doc" integer, "created_at" datetime NOT NULL, "updated_at" datetime NOT NULL) [0m
  [1m[35m (0.7ms)[0m  CREATE TABLE "schema_migrations" ("version" varchar(255) NOT NULL) 
  [1m[36m (0.6ms)[0m  [1mCREATE UNIQUE INDEX "unique_schema_migrations" ON "schema_migrations" ("version")[0m
  [1m[35m (0.1ms)[0m  SELECT version FROM "schema_migrations"
  [1m[36m (0.6ms)[0m  [1mINSERT INTO "schema_migrations" (version) VALUES ('20170722153735')[0m
  [1m[35m (0.5ms)[0m  INSERT INTO "schema_migrations" (version) VALUES ('20170722131736')
  [1m[36m (0.0ms)[0m  [1mSELECT "schema_migrations"."version" FROM "schema_migrations" [0m
Connecting to database specified by database.yml
